<?xml version="1.0" encoding="UTF-8"?>
<!-- Generated by org.testng.reporters.JUnitReportReporter -->
<testsuite hostname="DESKTOP-LTLPO08" failures="0" tests="1" name="commerce.Florida" time="0.199" errors="0" timestamp="2024-05-01T11:50:49 IST" skipped="0">
  <testcase classname="commerce.Florida" name="get" time="0.199"/>
</testsuite> <!-- commerce.Florida -->
